149. Printing statistics.

=== uart_controller ===

   Number of wires:                155
   Number of wire bits:            169
   Number of public wires:          42
   Number of public wire bits:      56
   Number of ports:                  6
   Number of port bits:             20
   Number of memories:               0
   Number of memory bits:            0
   Number of processes:              0
   Number of cells:                158
     sky130_fd_sc_hd__a21oi_2       10
     sky130_fd_sc_hd__a22o_2         3
     sky130_fd_sc_hd__a311o_2        1
     sky130_fd_sc_hd__a31o_2         5
     sky130_fd_sc_hd__a32o_2         4
     sky130_fd_sc_hd__and2_2        12
     sky130_fd_sc_hd__and2b_2        2
     sky130_fd_sc_hd__and3_2         9
     sky130_fd_sc_hd__and3b_2        2
     sky130_fd_sc_hd__and4_2         1
     sky130_fd_sc_hd__and4bb_2       1
     sky130_fd_sc_hd__dfrtp_2       36
     sky130_fd_sc_hd__dfstp_2        1
     sky130_fd_sc_hd__inv_2         11
     sky130_fd_sc_hd__mux2_1         6
     sky130_fd_sc_hd__mux4_2         1
     sky130_fd_sc_hd__nand2_2        7
     sky130_fd_sc_hd__nand2b_2       1
     sky130_fd_sc_hd__nand3_2        4
     sky130_fd_sc_hd__nand3b_2       1
     sky130_fd_sc_hd__nor2_2         9
     sky130_fd_sc_hd__nor3_2         2
     sky130_fd_sc_hd__o211a_2        3
     sky130_fd_sc_hd__o21a_2         3
     sky130_fd_sc_hd__o21ai_2        6
     sky130_fd_sc_hd__o21ba_2        1
     sky130_fd_sc_hd__o22a_2         2
     sky130_fd_sc_hd__o31a_2         1
     sky130_fd_sc_hd__or2_2          6
     sky130_fd_sc_hd__or3_2          1
     sky130_fd_sc_hd__or3b_2         1
     sky130_fd_sc_hd__or4_2          1
     sky130_fd_sc_hd__or4b_2         1
     sky130_fd_sc_hd__xnor2_2        2
     sky130_fd_sc_hd__xor2_2         1

   Chip area for module '\uart_controller': 1989.408000
     of which used for sequential elements: 972.182400 (48.87%)

